<?xml version="1.0" encoding="UTF-8"?>
<!-- Generated by org.testng.reporters.JUnitXMLReporter -->
<testsuite ignored="3" hostname="LAPTOP-N12FFOFH" failures="0" tests="4" name="Test" time="27.706" errors="0" timestamp="2024-05-28T09:38:22 IST">
  <testcase classname="testcases.registerTestCases" name="verifyRegistrrationWithValideData" time="4.174"/>
  <testcase classname="testcases.registerTestCases" name="verifyRegistrrationWithBlankData" time="1.005"/>
  <testcase classname="testcases.loginTestCases" name="verifyLoginWithInValidData" time="1.553"/>
  <testcase classname="testcases.loginTestCases" name="verifyLoginWithValidData" time="1.083"/>
  <testcase classname="resources.baseClass" name="@AfterSuite endReport" time="0.0">
    <ignored/>
  </testcase> <!-- @AfterSuite endReport -->
  <testcase classname="testcases.registerTestCases" name="verifyRegistrrationWithInvalideData" time="0.0">
    <ignored/>
  </testcase> <!-- verifyRegistrrationWithInvalideData -->
  <testcase classname="resources.baseClass" name="@BeforeSuite ExtentReport" time="0.0">
    <ignored/>
  </testcase> <!-- @BeforeSuite ExtentReport -->
</testsuite> <!-- Test -->
